<?xml version="1.0" encoding="UTF-8"?>
<testsuite name="TriangleTest" tests="4" skipped="0" failures="0" errors="0" timestamp="2015-08-17T22:27:00" hostname="epicodus-105.local" time="0.005">
  <properties/>
  <testcase name="newTriangle_isTriangleside1" classname="TriangleTest" time="0.0"/>
  <testcase name="newTriangle_isTriangleside2" classname="TriangleTest" time="0.0"/>
  <testcase name="isTriangle_whenNotATriangle_false" classname="TriangleTest" time="0.001"/>
  <testcase name="isTriangle_whenATriangle_true" classname="TriangleTest" time="0.001"/>
  <system-out><![CDATA[]]></system-out>
  <system-err><![CDATA[]]></system-err>
</testsuite>
